VirtualBox GUI VM Selector Window 5.2.20 r125813 linux.amd64 (Oct 15 2018 16:04:03) release log
00:00:01.903705 Log opened 2018-10-29T00:39:58.566440000Z
00:00:01.903708 Build Type: release
00:00:01.903713 OS Product: Linux
00:00:01.903716 OS Release: 4.9.0-8-amd64
00:00:01.903719 OS Version: #1 SMP Debian 4.9.110-3+deb9u6 (2018-10-08)
00:00:01.903772 DMI Product Name: HP ENVY x360 Convertible 15m-bp0xx
00:00:01.903790 DMI Product Version: Type1ProductConfigId
00:00:01.903881 Host RAM: 11767MB (11.4GB) total, 10889MB (10.6GB) available
00:00:01.903889 Executable: /usr/lib/virtualbox/VirtualBox
00:00:01.903891 Process ID: 26467
00:00:01.903893 Package type: LINUX_64BITS_DEBIAN_9_0
00:00:01.903937 Qt version: 5.7.1
00:00:02.117208 GUI: UIMediumEnumerator: Medium-enumeration started...
00:00:02.929146 Failed to open "/dev/vboxdrv", errno=13, rc=VERR_VM_DRIVER_NOT_ACCESSIBLE
00:00:02.936708 GUI: UIMediumEnumerator: Medium-enumeration finished!
00:00:02.959240 GUI: UIDesktopWidgetWatchdog::sltHandleHostScreenAvailableGeometryCalculated: Screen 0 work area is actually resized to: 0x0 x 960x1058
00:00:39.936623 GUI: UIMediumEnumerator: Medium-enumeration finished!
00:01:52.338904 GUI: UIMediumEnumerator: Medium-enumeration started...
00:01:52.504816 2D support test succeeded
00:01:52.571641 GUI: UIMediumEnumerator: Medium-enumeration finished!
00:02:06.540745 GUI: UIMediumEnumerator: Medium-enumeration finished!
00:02:08.633713 GUI: UIMediumEnumerator: Medium-enumeration started...
00:02:08.690157 GUI: UIMediumEnumerator: Medium-enumeration finished!
00:02:15.465672 GUI: UIMediumEnumerator: Medium-enumeration finished!
00:03:16.869643 GUI: UIMediumEnumerator: Medium-enumeration finished!
00:03:20.490545 ERROR [COM]: aRC=NS_ERROR_UNEXPECTED (0x8000ffff) aIID={7844aa05-b02e-4cdd-a04f-ade4a762e6b7} aComponent={SessionWrap} aText={The session is not locked (session state: Unlocked)}, preserve=false aResultDetail=0
00:03:33.366499 ERROR [COM]: aRC=NS_ERROR_UNEXPECTED (0x8000ffff) aIID={7844aa05-b02e-4cdd-a04f-ade4a762e6b7} aComponent={SessionWrap} aText={The session is not locked (session state: Unlocked)}, preserve=false aResultDetail=0
00:03:35.479872 GUI: UIMediumEnumerator: Medium-enumeration started...
00:03:35.545393 GUI: UIMediumEnumerator: Medium-enumeration finished!
00:03:42.787889 GUI: UIMediumEnumerator: Medium-enumeration finished!
00:04:16.637245 GUI: UIMediumEnumerator: Medium-enumeration finished!
00:05:19.105356 GUI: UIMediumEnumerator: Medium-enumeration finished!
00:05:19.526588 GUI: UIMediumEnumerator: Medium-enumeration finished!
00:49:08.117318 GUI: UIMediumEnumerator: Medium-enumeration finished!
